  Controller.cpp
c:\projects\spaceinvaders\spaceinvaders\controller.cpp(25): warning C4267: =: преобразование из "size_t" в "int"; возможна потеря данных
c:\projects\spaceinvaders\spaceinvaders\controller.cpp(30): warning C4267: аргумент: преобразование из "size_t" в "int"; возможна потеря данных
c:\projects\spaceinvaders\spaceinvaders\controller.cpp(50): warning C4267: инициализация: преобразование из "size_t" в "int"; возможна потеря данных
c:\projects\spaceinvaders\spaceinvaders\controller.cpp(51): warning C4267: инициализация: преобразование из "size_t" в "int"; возможна потеря данных
c:\projects\spaceinvaders\spaceinvaders\controller.cpp(66): warning C4267: инициализация: преобразование из "size_t" в "int"; возможна потеря данных
c:\projects\spaceinvaders\spaceinvaders\controller.cpp(95): warning C4018: <: несоответствие типов со знаком и без знака
c:\projects\spaceinvaders\spaceinvaders\controller.cpp(104): warning C4018: <: несоответствие типов со знаком и без знака
c:\projects\spaceinvaders\spaceinvaders\controller.cpp(114): warning C4018: <: несоответствие типов со знаком и без знака
c:\projects\spaceinvaders\spaceinvaders\controller.cpp(168): warning C4267: инициализация: преобразование из "size_t" в "int"; возможна потеря данных
  Создание кода...
c:\projects\spaceinvaders\spaceinvaders\controller.cpp(158): warning C4715: Controller::moveControl: значение возвращается не при всех путях выполнения
  Компиляция...
  main.cpp
c:\projects\spaceinvaders\spaceinvaders\main.cpp(37): warning C4244: аргумент: преобразование "time_t" в "unsigned int", возможна потеря данных
c:\projects\spaceinvaders\spaceinvaders\main.cpp(75): warning C4244: аргумент: преобразование "double" в "float", возможна потеря данных
c:\projects\spaceinvaders\spaceinvaders\main.cpp(93): warning C4018: <: несоответствие типов со знаком и без знака
  Enemy.cpp
  Создание кода...
  SpaceInvaders.vcxproj -> C:\Projects\SpaceInvaders\x64\Debug\SpaceInvaders.exe
  SpaceInvaders.vcxproj -> C:\Projects\SpaceInvaders\x64\Debug\SpaceInvaders.pdb (Full PDB)
